<?xml version="1.0" encoding="UTF-8"?>
<!-- Generated by org.testng.reporters.JUnitXMLReporter -->
<testsuite ignored="0" hostname="ShameemsLaptop" failures="1" tests="1" name="Test" time="0.628" errors="0" timestamp="2022-11-03T22:48:51 PDT">
  <testcase classname="mobileapp.com.TestCalc" name="testcalc" time="0.598">
    <failure type="java.lang.NoSuchMethodError" message="&amp;apos;java.util.stream.Collector com.google.common.collect.ImmutableList.toImmutableList()&amp;apos;">
      <![CDATA[java.lang.NoSuchMethodError: 'java.util.stream.Collector com.google.common.collect.ImmutableList.toImmutableList()'
at org.openqa.selenium.remote.CapabilitiesUtils.makeW3CSafe(CapabilitiesUtils.java:98)
at org.openqa.selenium.remote.CapabilitiesUtils.makeW3CSafe(CapabilitiesUtils.java:70)
at java.base/java.util.stream.ReferencePipeline$7$1.accept(ReferencePipeline.java:273)
at java.base/java.util.Collections$2.tryAdvance(Collections.java:4853)
at java.base/java.util.Collections$2.forEachRemaining(Collections.java:4861)
at java.base/java.util.stream.AbstractPipeline.copyInto(AbstractPipeline.java:509)
at java.base/java.util.stream.AbstractPipeline.wrapAndCopyInto(AbstractPipeline.java:499)
at java.base/java.util.stream.ReduceOps$ReduceOp.evaluateSequential(ReduceOps.java:921)
at java.base/java.util.stream.AbstractPipeline.evaluate(AbstractPipeline.java:234)
at java.base/java.util.stream.ReferencePipeline.collect(ReferencePipeline.java:682)
at org.openqa.selenium.remote.DriverCommand.NEW_SESSION(DriverCommand.java:65)
at org.openqa.selenium.remote.RemoteWebDriver.startSession(RemoteWebDriver.java:246)
at org.openqa.selenium.remote.RemoteWebDriver.<init>(RemoteWebDriver.java:168)
at org.openqa.selenium.remote.RemoteWebDriver.<init>(RemoteWebDriver.java:146)
at mobileapp.com.Calculator.setUp(Calculator.java:34)
at mobileapp.com.TestCalc.testcalc(TestCalc.java:10)
at java.base/java.util.ArrayList.forEach(ArrayList.java:1511)
... Removed 27 stack frames]]>
    </failure>
  </testcase> <!-- testcalc -->
</testsuite> <!-- Test -->
